Mon Feb  9 00:37:31 CST 2026
+------------------------------------------------------------------------------------------------+
| npu-smi 24.1.rc3                 Version: 24.1.rc3                                             |
+---------------------------+---------------+----------------------------------------------------+
| NPU   Name                | Health        | Power(W)    Temp(C)           Hugepages-Usage(page)|
| Chip                      | Bus-Id        | AICore(%)   Memory-Usage(MB)  HBM-Usage(MB)        |
+===========================+===============+====================================================+
| 0     910B3               | OK            | 239.9       50                0    / 0             |
| 0                         | 0000:C1:00.0  | 22          0    / 0          51030/ 65536         |
+===========================+===============+====================================================+
| 1     910B3               | OK            | 188.8       47                0    / 0             |
| 0                         | 0000:C2:00.0  | 4           0    / 0          49301/ 65536         |
+===========================+===============+====================================================+
| 2     910B3               | OK            | 160.2       44                0    / 0             |
| 0                         | 0000:81:00.0  | 0           0    / 0          49301/ 65536         |
+===========================+===============+====================================================+
| 3     910B3               | OK            | 150.8       47                0    / 0             |
| 0                         | 0000:82:00.0  | 6           0    / 0          49302/ 65536         |
+===========================+===============+====================================================+
| 4     910B3               | OK            | 208.6       60                0    / 0             |
| 0                         | 0000:01:00.0  | 25          0    / 0          49300/ 65536         |
+===========================+===============+====================================================+
| 5     910B3               | OK            | 179.5       55                0    / 0             |
| 0                         | 0000:02:00.0  | 5           0    / 0          49302/ 65536         |
+===========================+===============+====================================================+
| 6     910B3               | OK            | 178.3       53                0    / 0             |
| 0                         | 0000:41:00.0  | 27          0    / 0          49302/ 65536         |
+===========================+===============+====================================================+
| 7     910B3               | Warning       | 206.6       59                0    / 0             |
| 0                         | 0000:42:00.0  | 24          0    / 0          49302/ 65536         |
+===========================+===============+====================================================+
+---------------------------+---------------+----------------------------------------------------+
| NPU     Chip              | Process id    | Process name             | Process memory(MB)      |
+===========================+===============+====================================================+
| 0       0                 | 1708792       | python3.11               | 45959                   |
+===========================+===============+====================================================+
| 1       0                 | 1708793       | python3.11               | 45959                   |
+===========================+===============+====================================================+
| 2       0                 | 1708794       | python3.11               | 45959                   |
+===========================+===============+====================================================+
| 3       0                 | 1708795       | python3.11               | 45959                   |
+===========================+===============+====================================================+
| 4       0                 | 1708796       | python3.11               | 45959                   |
+===========================+===============+====================================================+
| 5       0                 | 1708797       | python3.11               | 45959                   |
+===========================+===============+====================================================+
| 6       0                 | 1708798       | python3.11               | 45959                   |
+===========================+===============+====================================================+
| 7       0                 | 1708799       | python3.11               | 45959                   |
+===========================+===============+====================================================+
